2024-01-28 14:01:340 INFO  HomePage :46 - Verify Welcome to Virgin Games displayed correctly : [[ChromeDriver: chrome on windows (3332d5c9e9e34a798a7e94f5182a5cbf)] -> xpath:  //h1[normalize-space()='Welcome to Virgin Games']]
2024-01-28 14:01:536 INFO  HomePage :72 - Click on loginMenuButton : [[ChromeDriver: chrome on windows (3332d5c9e9e34a798a7e94f5182a5cbf)] -> xpath: //a[@role='menuitem'][normalize-space()='Login']]
2024-01-28 14:01:617 INFO  HomePage :77 - Enter usernameField Text.Proxy element for: DefaultElementLocator 'By.id: field-username'
2024-01-28 14:01:927 INFO  HomePage :46 - Verify Welcome to Virgin Games displayed correctly : [[ChromeDriver: chrome on windows (c14c050ee569110a1c93643c75aa0451)] -> xpath:  //h1[normalize-space()='Welcome to Virgin Games']]
2024-01-28 18:01:54 INFO  HomePage :36 - Clicking on Login Button [[ChromeDriver: chrome on windows (5602aa019cdb0e352a2983af554cdbef)] -> xpath: //a[contains(text(),'Log In')]]
2024-01-28 18:01:972 INFO  LoginPage :38 - Switching into iFrame [[ChromeDriver: chrome on windows (5602aa019cdb0e352a2983af554cdbef)] -> xpath: //iframe[@class='oneauth-iframe']]
2024-01-28 18:01:179 INFO  LoginPage :44 - Entering Username into username field hmwupwu1ta@gmail.com
2024-01-28 18:01:344 INFO  LoginPage :49 - Entering Password into password field xK9dlxAKW
2024-01-28 18:01:550 INFO  LoginPage :54 - Clicking on Login Button on Login Page [[ChromeDriver: chrome on windows (5602aa019cdb0e352a2983af554cdbef)] -> xpath: //button[contains(text(),'Log In')]]
2024-01-28 18:01:832 INFO  LoginPage :58 - Getting Error message text [[ChromeDriver: chrome on windows (5602aa019cdb0e352a2983af554cdbef)] -> class name: login_errorMessageWrapper__2ZcGx]
2024-01-28 19:01:251 INFO  HomePage :36 - Clicking on Login Button [[ChromeDriver: chrome on windows (2cb88ebc776679ec10f53790b3bc6a7f)] -> xpath: //a[contains(text(),'Log In')]]
2024-01-28 19:01:226 INFO  LoginPage :42 - Switching into iFrame [[ChromeDriver: chrome on windows (2cb88ebc776679ec10f53790b3bc6a7f)] -> xpath: //iframe[@class='oneauth-iframe']]
2024-01-28 19:01:555 INFO  LoginPage :48 - Entering Username into username field avinashp22@gmail.com
2024-01-28 19:01:866 INFO  LoginPage :53 - Entering Password into password field Prime123!
2024-01-28 19:01:139 INFO  LoginPage :58 - Clicking on Login Button on Login Page [[ChromeDriver: chrome on windows (2cb88ebc776679ec10f53790b3bc6a7f)] -> xpath: //button[contains(text(),'Log In')]]
2024-01-28 19:01:663 INFO  HomePage :36 - Clicking on Login Button [[ChromeDriver: chrome on windows (d987de3963a13b10cb73375a90581b61)] -> xpath: //a[contains(text(),'Log In')]]
2024-01-28 19:01:541 INFO  LoginPage :49 - Switching into iFrame [[ChromeDriver: chrome on windows (d987de3963a13b10cb73375a90581b61)] -> xpath: //iframe[@class='oneauth-iframe']]
2024-01-28 19:01:748 INFO  LoginPage :55 - Entering Username into username field avinashp22@gmail.com
2024-01-28 19:01:900 INFO  LoginPage :60 - Entering Password into password field Prime123!
2024-01-28 19:01:104 INFO  LoginPage :65 - Clicking on Login Button on Login Page [[ChromeDriver: chrome on windows (d987de3963a13b10cb73375a90581b61)] -> xpath: //button[contains(text(),'Log In')]]
2024-01-28 19:01:225 INFO  LoginPage :74 - Getting Deposit text [[ChromeDriver: chrome on windows (d987de3963a13b10cb73375a90581b61)] -> link text: Deposit]
2024-01-28 19:01:398 INFO  LoginPage :81 - Click on MyAccount Button [[ChromeDriver: chrome on windows (d987de3963a13b10cb73375a90581b61)] -> class name: site-header__my-account]
2024-01-28 19:01:656 INFO  LoginPage :85 - Getting Logout text [[ChromeDriver: chrome on windows (d987de3963a13b10cb73375a90581b61)] -> tag name: button]
2024-01-28 19:01:565 INFO  LoginPage :55 - Clicking on Login Button at top of Page [[ChromeDriver: chrome on windows (3ac9267c1fed977131375f9bc4bff2cf)] -> link text: Log In]
2024-01-28 19:01:528 INFO  LoginPage :60 - Switching into iFrame [[ChromeDriver: chrome on windows (3ac9267c1fed977131375f9bc4bff2cf)] -> xpath: //iframe[@class='oneauth-iframe']]
2024-01-28 19:01:798 INFO  LoginPage :66 - Entering Username into username field avinashp22@gmail.com
2024-01-28 19:01:996 INFO  LoginPage :71 - Entering Password into password field Prime123!
2024-01-28 19:01:215 INFO  LoginPage :76 - Clicking on Login Button on Login Page [[ChromeDriver: chrome on windows (3ac9267c1fed977131375f9bc4bff2cf)] -> xpath: //button[contains(text(),'Log In')]]
2024-01-28 19:01:212 INFO  LoginPage :85 - Getting Deposit text [[ChromeDriver: chrome on windows (3ac9267c1fed977131375f9bc4bff2cf)] -> link text: Deposit]
2024-01-28 19:01:387 INFO  LoginPage :92 - Click on MyAccount Button [[ChromeDriver: chrome on windows (3ac9267c1fed977131375f9bc4bff2cf)] -> class name: site-header__my-account]
2024-01-28 19:01:620 INFO  LoginPage :96 - Getting Logout text [[ChromeDriver: chrome on windows (3ac9267c1fed977131375f9bc4bff2cf)] -> tag name: button]
2024-01-28 19:01:137 INFO  LoginPage :102 - Click on logout Button Button [[ChromeDriver: chrome on windows (3ac9267c1fed977131375f9bc4bff2cf)] -> tag name: button]
2024-01-28 19:01:869 INFO  LoginPage :55 - Clicking on Login Button at top of Page [[ChromeDriver: chrome on windows (1191cf9c64ebeaf8ffe88b495aa000fc)] -> link text: Log In]
2024-01-28 19:01:979 INFO  LoginPage :60 - Switching into iFrame [[ChromeDriver: chrome on windows (1191cf9c64ebeaf8ffe88b495aa000fc)] -> xpath: //iframe[@class='oneauth-iframe']]
2024-01-28 19:01:372 INFO  LoginPage :66 - Entering Username into username field avinashp33@gmail.com
2024-01-28 19:01:618 INFO  LoginPage :71 - Entering Password into password field Prime12345!
2024-01-28 19:01:966 INFO  LoginPage :76 - Clicking on Login Button on Login Page [[ChromeDriver: chrome on windows (1191cf9c64ebeaf8ffe88b495aa000fc)] -> xpath: //button[contains(text(),'Log In')]]
2024-01-28 19:01:215 INFO  LoginPage :80 - Getting Error message text [[ChromeDriver: chrome on windows (1191cf9c64ebeaf8ffe88b495aa000fc)] -> class name: login_errorMessageWrapper__2ZcGx]
2024-01-28 19:01:936 INFO  LoginPage :55 - Clicking on Login Button at top of Page [[ChromeDriver: chrome on windows (bf2649d24bc75bdb632972c3a0f15e2b)] -> link text: Log In]
2024-01-28 19:01:857 INFO  LoginPage :60 - Switching into iFrame [[ChromeDriver: chrome on windows (bf2649d24bc75bdb632972c3a0f15e2b)] -> xpath: //iframe[@class='oneauth-iframe']]
2024-01-28 19:01:41 INFO  LoginPage :66 - Entering Username into username field avinashp22@gmail.com
2024-01-28 19:01:193 INFO  LoginPage :71 - Entering Password into password field Prime123!
2024-01-28 19:01:388 INFO  LoginPage :76 - Clicking on Login Button on Login Page [[ChromeDriver: chrome on windows (bf2649d24bc75bdb632972c3a0f15e2b)] -> xpath: //button[contains(text(),'Log In')]]
2024-01-28 19:01:599 INFO  LoginPage :85 - Getting Deposit text [[ChromeDriver: chrome on windows (bf2649d24bc75bdb632972c3a0f15e2b)] -> link text: Deposit]
2024-01-28 19:01:756 INFO  LoginPage :92 - Click on MyAccount Button [[ChromeDriver: chrome on windows (bf2649d24bc75bdb632972c3a0f15e2b)] -> class name: site-header__my-account]
2024-01-28 19:01:10 INFO  LoginPage :96 - Getting Logout text [[ChromeDriver: chrome on windows (bf2649d24bc75bdb632972c3a0f15e2b)] -> tag name: button]
2024-01-28 19:01:601 INFO  LoginPage :102 - Click on logout Button Button [[ChromeDriver: chrome on windows (bf2649d24bc75bdb632972c3a0f15e2b)] -> tag name: button]
2024-01-28 19:01:174 INFO  LoginPage :55 - Clicking on Login Button at top of Page [[ChromeDriver: chrome on windows (33cf2890ed687c3a22eb23ad7e014f7d)] -> link text: Log In]
2024-01-28 19:01:13 INFO  LoginPage :60 - Switching into iFrame [[ChromeDriver: chrome on windows (33cf2890ed687c3a22eb23ad7e014f7d)] -> xpath: //iframe[@class='oneauth-iframe']]
2024-01-28 19:01:211 INFO  LoginPage :66 - Entering Username into username field avinashp33@gmail.com
2024-01-28 19:01:377 INFO  LoginPage :71 - Entering Password into password field Prime12345!
2024-01-28 19:01:563 INFO  LoginPage :76 - Clicking on Login Button on Login Page [[ChromeDriver: chrome on windows (33cf2890ed687c3a22eb23ad7e014f7d)] -> xpath: //button[contains(text(),'Log In')]]
2024-01-28 19:01:842 INFO  LoginPage :80 - Getting Error message text [[ChromeDriver: chrome on windows (33cf2890ed687c3a22eb23ad7e014f7d)] -> class name: login_errorMessageWrapper__2ZcGx]
2024-01-28 20:01:612 INFO  LoginPage :52 - Clicking on Login Button at top of Page [[ChromeDriver: chrome on windows (b941a4feec2efe8b7e32d5f049302a29)] -> link text: Log In]
2024-01-28 20:01:517 INFO  LoginPage :57 - Switching into iFrame [[ChromeDriver: chrome on windows (b941a4feec2efe8b7e32d5f049302a29)] -> xpath: //iframe[@class='oneauth-iframe']]
2024-01-28 20:01:728 INFO  LoginPage :63 - Entering Username into username field avinashp22@gmail.com
2024-01-28 20:01:932 INFO  LoginPage :68 - Entering Password into password field Prime123!
2024-01-28 20:01:142 INFO  LoginPage :73 - Clicking on Login Button on Login Page [[ChromeDriver: chrome on windows (b941a4feec2efe8b7e32d5f049302a29)] -> xpath: //button[contains(text(),'Log In')]]
2024-01-28 20:01:274 INFO  LoginPage :82 - Getting Deposit text [[ChromeDriver: chrome on windows (b941a4feec2efe8b7e32d5f049302a29)] -> link text: Deposit]
2024-01-28 20:01:587 INFO  LoginPage :88 - Click on MyAccount Button [[ChromeDriver: chrome on windows (b941a4feec2efe8b7e32d5f049302a29)] -> class name: site-header__my-account]
2024-01-28 20:01:820 INFO  LoginPage :92 - Getting Logout text [[ChromeDriver: chrome on windows (b941a4feec2efe8b7e32d5f049302a29)] -> tag name: button]
2024-01-28 20:01:299 INFO  LoginPage :98 - Click on logout Button Button [[ChromeDriver: chrome on windows (b941a4feec2efe8b7e32d5f049302a29)] -> tag name: button]
2024-01-28 20:01:409 INFO  LoginPage :52 - Clicking on Login Button at top of Page [[ChromeDriver: chrome on windows (977335496a483587efb7e29227a83f74)] -> link text: Log In]
2024-01-28 20:01:231 INFO  LoginPage :57 - Switching into iFrame [[ChromeDriver: chrome on windows (977335496a483587efb7e29227a83f74)] -> xpath: //iframe[@class='oneauth-iframe']]
2024-01-28 20:01:436 INFO  LoginPage :63 - Entering Username into username field avinashp33@gmail.com
2024-01-28 20:01:584 INFO  LoginPage :68 - Entering Password into password field Prime12345!
2024-01-28 20:01:765 INFO  LoginPage :73 - Clicking on Login Button on Login Page [[ChromeDriver: chrome on windows (977335496a483587efb7e29227a83f74)] -> xpath: //button[contains(text(),'Log In')]]
2024-01-28 20:01:978 INFO  LoginPage :77 - Getting Error message text [[ChromeDriver: chrome on windows (977335496a483587efb7e29227a83f74)] -> class name: login_errorMessageWrapper__2ZcGx]
2024-01-28 20:01:274 INFO  LoginPage :52 - Clicking on Login Button at top of Page [[ChromeDriver: chrome on windows (813a05d3b8ffb97f6b515e1a4c57d851)] -> link text: Log In]
2024-01-28 20:01:736 INFO  LoginPage :52 - Clicking on Login Button at top of Page [[ChromeDriver: chrome on windows (a8fd8a7f2ab5f0d63fdaacecd48658ef)] -> link text: Log In]
2024-01-28 20:01:577 INFO  LoginPage :57 - Switching into iFrame [[ChromeDriver: chrome on windows (a8fd8a7f2ab5f0d63fdaacecd48658ef)] -> xpath: //iframe[@class='oneauth-iframe']]
2024-01-28 20:01:807 INFO  LoginPage :63 - Entering Username into username field avinashp22@gmail.com
2024-01-28 20:01:927 INFO  LoginPage :68 - Entering Password into password field Prime123!
2024-01-28 20:01:123 INFO  LoginPage :73 - Clicking on Login Button on Login Page [[ChromeDriver: chrome on windows (a8fd8a7f2ab5f0d63fdaacecd48658ef)] -> xpath: //button[contains(text(),'Log In')]]
2024-01-28 20:01:170 INFO  LoginPage :82 - Getting Deposit text [[ChromeDriver: chrome on windows (a8fd8a7f2ab5f0d63fdaacecd48658ef)] -> link text: Deposit]
2024-01-28 20:01:361 INFO  LoginPage :88 - Click on MyAccount Button [[ChromeDriver: chrome on windows (a8fd8a7f2ab5f0d63fdaacecd48658ef)] -> class name: site-header__my-account]
2024-01-28 20:01:618 INFO  LoginPage :92 - Getting Logout text [[ChromeDriver: chrome on windows (a8fd8a7f2ab5f0d63fdaacecd48658ef)] -> tag name: button]
2024-01-28 20:01:102 INFO  LoginPage :98 - Click on logout Button Button [[ChromeDriver: chrome on windows (a8fd8a7f2ab5f0d63fdaacecd48658ef)] -> tag name: button]
2024-01-28 20:01:810 INFO  LoginPage :52 - Clicking on Login Button at top of Page [[ChromeDriver: chrome on windows (7e9b512bc9f67758eb89f95877fb6cc5)] -> link text: Log In]
2024-01-28 20:01:809 INFO  LoginPage :57 - Switching into iFrame [[ChromeDriver: chrome on windows (7e9b512bc9f67758eb89f95877fb6cc5)] -> xpath: //iframe[@class='oneauth-iframe']]
2024-01-28 20:01:838 INFO  LoginPage :63 - Entering Username into username field avinashp33@gmail.com
2024-01-28 20:01:987 INFO  LoginPage :68 - Entering Password into password field Prime12345!
2024-01-28 20:01:176 INFO  LoginPage :73 - Clicking on Login Button on Login Page [[ChromeDriver: chrome on windows (7e9b512bc9f67758eb89f95877fb6cc5)] -> xpath: //button[contains(text(),'Log In')]]
2024-01-28 20:01:393 INFO  LoginPage :77 - Getting Error message text [[ChromeDriver: chrome on windows (7e9b512bc9f67758eb89f95877fb6cc5)] -> class name: login_errorMessageWrapper__2ZcGx]
2024-01-28 20:01:695 INFO  LoginPage :52 - Clicking on Login Button at top of Page [[ChromeDriver: chrome on windows (11481090570656cec552760eb25c2ef3)] -> link text: Log In]
2024-01-28 20:01:539 INFO  LoginPage :57 - Switching into iFrame [[ChromeDriver: chrome on windows (11481090570656cec552760eb25c2ef3)] -> xpath: //iframe[@class='oneauth-iframe']]
2024-01-28 20:01:769 INFO  LoginPage :63 - Entering Username into username field avinashp22@gmail.com
2024-01-28 20:01:930 INFO  LoginPage :68 - Entering Password into password field Prime123!
2024-01-28 20:01:187 INFO  LoginPage :73 - Clicking on Login Button on Login Page [[ChromeDriver: chrome on windows (11481090570656cec552760eb25c2ef3)] -> xpath: //button[contains(text(),'Log In')]]
2024-01-28 20:01:284 INFO  LoginPage :82 - Getting Deposit text [[ChromeDriver: chrome on windows (11481090570656cec552760eb25c2ef3)] -> link text: Deposit]
2024-01-28 20:01:506 INFO  LoginPage :88 - Click on MyAccount Button [[ChromeDriver: chrome on windows (11481090570656cec552760eb25c2ef3)] -> class name: site-header__my-account]
2024-01-28 20:01:746 INFO  LoginPage :92 - Getting Logout text [[ChromeDriver: chrome on windows (11481090570656cec552760eb25c2ef3)] -> tag name: button]
2024-01-28 20:01:390 INFO  LoginPage :98 - Click on logout Button Button [[ChromeDriver: chrome on windows (11481090570656cec552760eb25c2ef3)] -> tag name: button]
2024-01-28 20:01:426 INFO  LoginPage :52 - Clicking on Login Button at top of Page [[ChromeDriver: chrome on windows (2a0ade5e655a6a8981dcaf363983abba)] -> link text: Log In]
2024-01-28 20:01:288 INFO  LoginPage :57 - Switching into iFrame [[ChromeDriver: chrome on windows (2a0ade5e655a6a8981dcaf363983abba)] -> xpath: //iframe[@class='oneauth-iframe']]
2024-01-28 20:01:490 INFO  LoginPage :63 - Entering Username into username field avinashp33@gmail.com
2024-01-28 20:01:646 INFO  LoginPage :68 - Entering Password into password field Prime12345!
2024-01-28 20:01:827 INFO  LoginPage :73 - Clicking on Login Button on Login Page [[ChromeDriver: chrome on windows (2a0ade5e655a6a8981dcaf363983abba)] -> xpath: //button[contains(text(),'Log In')]]
2024-01-28 20:01:44 INFO  LoginPage :77 - Getting Error message text [[ChromeDriver: chrome on windows (2a0ade5e655a6a8981dcaf363983abba)] -> class name: login_errorMessageWrapper__2ZcGx]
2024-01-28 20:01:566 INFO  LoginPage :52 - Clicking on Login Button at top of Page [[ChromeDriver: chrome on windows (f21c63612b14bc50fe7af8cd6141d30a)] -> link text: Log In]
2024-01-28 20:01:878 INFO  LoginPage :57 - Switching into iFrame [[ChromeDriver: chrome on windows (f21c63612b14bc50fe7af8cd6141d30a)] -> xpath: //iframe[@class='oneauth-iframe']]
2024-01-28 20:01:261 INFO  LoginPage :63 - Entering Username into username field avinashp22@gmail.com
2024-01-28 20:01:495 INFO  LoginPage :68 - Entering Password into password field Prime123!
2024-01-28 20:01:796 INFO  LoginPage :73 - Clicking on Login Button on Login Page [[ChromeDriver: chrome on windows (f21c63612b14bc50fe7af8cd6141d30a)] -> xpath: //button[contains(text(),'Log In')]]
2024-01-28 20:01:446 INFO  LoginPage :82 - Getting Deposit text [[ChromeDriver: chrome on windows (f21c63612b14bc50fe7af8cd6141d30a)] -> link text: Deposit]
2024-01-28 20:01:314 INFO  LoginPage :88 - Click on MyAccount Button [[ChromeDriver: chrome on windows (f21c63612b14bc50fe7af8cd6141d30a)] -> class name: site-header__my-account]
2024-01-28 20:01:730 INFO  LoginPage :92 - Getting Logout text [[ChromeDriver: chrome on windows (f21c63612b14bc50fe7af8cd6141d30a)] -> tag name: button]
2024-01-28 20:01:511 INFO  LoginPage :98 - Click on logout Button Button [[ChromeDriver: chrome on windows (f21c63612b14bc50fe7af8cd6141d30a)] -> tag name: button]
2024-01-28 20:01:59 INFO  LoginPage :52 - Clicking on Login Button at top of Page [[ChromeDriver: chrome on windows (009f665bfa57bfbd7d6928f7e3db6d96)] -> link text: Log In]
2024-01-28 20:01:188 INFO  LoginPage :57 - Switching into iFrame [[ChromeDriver: chrome on windows (009f665bfa57bfbd7d6928f7e3db6d96)] -> xpath: //iframe[@class='oneauth-iframe']]
2024-01-28 20:01:428 INFO  LoginPage :63 - Entering Username into username field avinashp33@gmail.com
2024-01-28 20:01:588 INFO  LoginPage :68 - Entering Password into password field Prime12345!
2024-01-28 20:01:758 INFO  LoginPage :73 - Clicking on Login Button on Login Page [[ChromeDriver: chrome on windows (009f665bfa57bfbd7d6928f7e3db6d96)] -> xpath: //button[contains(text(),'Log In')]]
2024-01-28 20:01:216 INFO  LoginPage :77 - Getting Error message text [[ChromeDriver: chrome on windows (009f665bfa57bfbd7d6928f7e3db6d96)] -> class name: login_errorMessageWrapper__2ZcGx]
